<?xml version="1.0" encoding="UTF-8"?>
<testng-results ignored="0" total="1" passed="1" failed="0" skipped="0">
  <reporter-output>
  </reporter-output>
  <suite started-at="2020-07-03T00:08:05 IST" name="Default suite" finished-at="2020-07-03T00:09:00 IST" duration-ms="55491">
    <groups>
      <group name="cucumber">
        <method signature="AbstractTestNGCucumberTests.runScenario(cucumber.api.testng.PickleEventWrapper, cucumber.api.testng.CucumberFeatureWrapper)[pri:0, instance:com.runner.RunnerHondaBike@702b8b12]" name="runScenario" class="cucumber.api.testng.AbstractTestNGCucumberTests"/>
      </group> <!-- cucumber -->
    </groups>
    <test started-at="2020-07-03T00:08:05 IST" name="Default test" finished-at="2020-07-03T00:09:00 IST" duration-ms="55491">
      <class name="com.runner.RunnerHondaBike">
        <test-method is-config="true" signature="setUpClass()[pri:0, instance:com.runner.RunnerHondaBike@702b8b12]" started-at="2020-07-03T00:08:05 IST" name="setUpClass" finished-at="2020-07-03T00:08:05 IST" duration-ms="263" status="PASS">
          <reporter-output>
          </reporter-output>
        </test-method> <!-- setUpClass -->
        <test-method signature="runScenario(cucumber.api.testng.PickleEventWrapper, cucumber.api.testng.CucumberFeatureWrapper)[pri:0, instance:com.runner.RunnerHondaBike@702b8b12]" started-at="2020-07-03T00:08:05 IST" name="runScenario" description="Runs Cucumber Scenarios" data-provider="scenarios" finished-at="2020-07-03T00:09:00 IST" duration-ms="55112" status="PASS">
          <params>
            <param index="0">
              <value>
                <![CDATA["Enquire Honda Scooters"]]>
              </value>
            </param>
            <param index="1">
              <value>
                <![CDATA["Honda Two Wheeler"]]>
              </value>
            </param>
          </params>
          <reporter-output>
          </reporter-output>
        </test-method> <!-- runScenario -->
        <test-method is-config="true" signature="tearDownClass()[pri:0, instance:com.runner.RunnerHondaBike@702b8b12]" started-at="2020-07-03T00:09:00 IST" name="tearDownClass" finished-at="2020-07-03T00:09:00 IST" duration-ms="10" status="PASS">
          <reporter-output>
          </reporter-output>
        </test-method> <!-- tearDownClass -->
      </class> <!-- com.runner.RunnerHondaBike -->
    </test> <!-- Default test -->
  </suite> <!-- Default suite -->
</testng-results>
